<?xml version="1.0" encoding="UTF-8"?>
<testsuite xmlns:xsi="http://www.w3.org/2001/XMLSchema-instance" xsi:noNamespaceSchemaLocation="https://maven.apache.org/surefire/maven-surefire-plugin/xsd/surefire-test-report.xsd" name="TestSuite" time="247.314" tests="3" errors="0" skipped="0" failures="2">
  <properties>
[...]
</properties>
  <testcase name="setUpClass" classname="Runner.FaiedScenariosRunner" time="0.832">
    <failure message="Failed to parse &apos;target\failedrerun.txt&apos;" type="io.cucumber.core.exception.CucumberException">io.cucumber.core.exception.CucumberException: Failed to parse 'target\failedrerun.txt'
Caused by: java.nio.file.NoSuchFileException: target\failedrerun.txt
</failure>
    <system-out><![CDATA[...
... TestNG 7.7.1 by Cédric Beust (cedric@beust.com)
...

]]></system-out>
    <system-err><![CDATA[SLF4J: Failed to load class "org.slf4j.impl.StaticLoggerBinder".
SLF4J: Defaulting to no-operation (NOP) logger implementation
SLF4J: See http://www.slf4j.org/codes.html#StaticLoggerBinder for further details.
]]></system-err>
  </testcase>
  <testcase name="runScenario" classname="Runner.TestRunner" time="149.285"/>
  <testcase name="runScenario" classname="Runner.TestRunner" time="77.612">
    <failure message="Expected condition failed: waiting for visibility of element located by By.xpath: //label[contains(text(),&apos;CREDIT/DEBIT CARD NUMBER&apos;)] (tried for 30 second(s) with 500 milliseconds interval)&#10;Build info: version: &apos;4.9.1&apos;, revision: &apos;eb2032df7f&apos;&#10;System info: os.name: &apos;Windows 10&apos;, os.arch: &apos;amd64&apos;, os.version: &apos;10.0&apos;, java.version: &apos;11.0.11&apos;&#10;Driver info: org.openqa.selenium.chrome.ChromeDriver&#10;Capabilities {acceptInsecureCerts: false, browserName: chrome, browserVersion: 114.0.5735.134, chrome: {chromedriverVersion: 114.0.5735.90 (386bc09e8f4f..., userDataDir: C:\Users\vinod-lp\AppData\L...}, goog:chromeOptions: {debuggerAddress: localhost:50753}, networkConnectionEnabled: false, pageLoadStrategy: normal, platformName: windows, proxy: Proxy(), se:cdp: ws://localhost:50753/devtoo..., se:cdpVersion: 114.0.5735.134, setWindowRect: true, strictFileInteractability: false, timeouts: {implicit: 0, pageLoad: 300000, script: 30000}, unhandledPromptBehavior: dismiss and notify, webauthn:extension:credBlob: true, webauthn:extension:largeBlob: true, webauthn:extension:minPinLength: true, webauthn:extension:prf: true, webauthn:virtualAuthenticators: true}&#10;Session ID: edcc79ce0d3d69b0460a93bade852434" type="org.openqa.selenium.TimeoutException">org.openqa.selenium.TimeoutException: 
Expected condition failed: waiting for visibility of element located by By.xpath: //label[contains(text(),'CREDIT/DEBIT CARD NUMBER')] (tried for 30 second(s) with 500 milliseconds interval)
Build info: version: '4.9.1', revision: 'eb2032df7f'
System info: os.name: 'Windows 10', os.arch: 'amd64', os.version: '10.0', java.version: '11.0.11'
Driver info: org.openqa.selenium.chrome.ChromeDriver
Capabilities {acceptInsecureCerts: false, browserName: chrome, browserVersion: 114.0.5735.134, chrome: {chromedriverVersion: 114.0.5735.90 (386bc09e8f4f..., userDataDir: C:\Users\vinod-lp\AppData\L...}, goog:chromeOptions: {debuggerAddress: localhost:50753}, networkConnectionEnabled: false, pageLoadStrategy: normal, platformName: windows, proxy: Proxy(), se:cdp: ws://localhost:50753/devtoo..., se:cdpVersion: 114.0.5735.134, setWindowRect: true, strictFileInteractability: false, timeouts: {implicit: 0, pageLoad: 300000, script: 30000}, unhandledPromptBehavior: dismiss and notify, webauthn:extension:credBlob: true, webauthn:extension:largeBlob: true, webauthn:extension:minPinLength: true, webauthn:extension:prf: true, webauthn:virtualAuthenticators: true}
Session ID: edcc79ce0d3d69b0460a93bade852434
</failure>
    <system-out><![CDATA[
@UnitTest1
Scenario Outline: Validate the Speciality for Manual Entry payment in Gateway "Tsys"     # src/test/resources/features/ManualEntry.feature:134
  Given User navigate to the login page                                                  # stepDefinitions.LoginStepDef.user_navigate_to_the_login_page()
  Given User is logged in to Lp Portal for Gateway "Tsys"                                # stepDefinitions.LoginStepDef.user_is_logged_in_to_lp_portal_for_gateway(java.lang.String)

    Embedding SCREENSHOT:- selectPaymentType [image/png 82641 bytes]

  And User is on Manual Entry Payment page                                               # stepDefinitions.ManualEntryStepDef.user_is_on_manual_entry_payment_page()
26/06/2023 22:12:10

    Embedding SCREENSHOT:- User_select_the_date_of_visit [image/png 85028 bytes]

  When User select the date of visit                                                     # stepDefinitions.ManualEntryStepDef.User_select_the_date_of_visit()
2023-06-26 22:12:12.325
2023-06-26 22:12:12.325
1687797732325

    Entered the Reference Number:1687797732325


    Embedding SCREENSHOT:- User_Enters_the_patient_reference_number [image/png 91172 bytes]

  When User Enters the patient reference number                                          # stepDefinitions.ManualEntryStepDef.User_Enters_the_patient_reference_number()

    Entered the Patient FirstName Saidulu


    Embedding SCREENSHOT:- user_enter_the_patient_name [image/png 97302 bytes]


    Entered the Patient LastName QA


    Embedding SCREENSHOT:- user_enter_the_patient_name [image/png 85279 bytes]

  When User Enter the Patient Name "Saidulu" & "QA"                                      # stepDefinitions.ManualEntryStepDef.user_enter_the_patient_name(java.lang.String,java.lang.String)

    Entered the phone/email: 9548406651

  And User enters the Phone Number "9548406651"                                          # stepDefinitions.ManualEntryStepDef.user_enters_the_phone_number(java.lang.String)
  And User enters the speciality in Manual Entry page                                    # stepDefinitions.ManualEntryStepDef.user_enters_the_speciality_in_manual_entry_page()

    Entered the amount: 3


    Embedding SCREENSHOT:- user_enters_the_amount [image/png 82501 bytes]

  And User enters the Amount "3"                                                         # stepDefinitions.ManualEntryStepDef.user_enters_the_amount(java.lang.String)

    Embedding SCREENSHOT:- submitButton [image/png 82456 bytes]


    Submit Button clicked


    Embedding SCREENSHOT:- user_click_on_submit_button [image/png 81689 bytes]

  And User click on Submit button                                                        # stepDefinitions.ManualEntryStepDef.user_click_on_submit_button()
  Then User should redirect to Collect Card Payment form                                 # stepDefinitions.ManualEntryStepDef.user_should_redirect_to_collect_card_payment_form()
      org.openqa.selenium.TimeoutException: Expected condition failed: waiting for visibility of element located by By.xpath: //label[contains(text(),'CREDIT/DEBIT CARD NUMBER')] (tried for 30 second(s) with 500 milliseconds interval)
Build info: version: '4.9.1', revision: 'eb2032df7f'
System info: os.name: 'Windows 10', os.arch: 'amd64', os.version: '10.0', java.version: '11.0.11'
Driver info: org.openqa.selenium.chrome.ChromeDriver
Capabilities {acceptInsecureCerts: false, browserName: chrome, browserVersion: 114.0.5735.134, chrome: {chromedriverVersion: 114.0.5735.90 (386bc09e8f4f..., userDataDir: C:\Users\vinod-lp\AppData\L...}, goog:chromeOptions: {debuggerAddress: localhost:50753}, networkConnectionEnabled: false, pageLoadStrategy: normal, platformName: windows, proxy: Proxy(), se:cdp: ws://localhost:50753/devtoo..., se:cdpVersion: 114.0.5735.134, setWindowRect: true, strictFileInteractability: false, timeouts: {implicit: 0, pageLoad: 300000, script: 30000}, unhandledPromptBehavior: dismiss and notify, webauthn:extension:credBlob: true, webauthn:extension:largeBlob: true, webauthn:extension:minPinLength: true, webauthn:extension:prf: true, webauthn:virtualAuthenticators: true}
Session ID: edcc79ce0d3d69b0460a93bade852434
	at org.openqa.selenium.support.ui.WebDriverWait.timeoutException(WebDriverWait.java:87)
	at org.openqa.selenium.support.ui.FluentWait.until(FluentWait.java:231)
	at Pages.ManualEntryPage.collectCardDetailsForm(ManualEntryPage.java:153)
	at stepDefinitions.ManualEntryStepDef.user_should_redirect_to_collect_card_payment_form(ManualEntryStepDef.java:98)
	at âœ½.User should redirect to Collect Card Payment form(file:///D:/Vinod/RestAPIAutomation/LiquidCoreWebAutomation/src/test/resources/features/ManualEntry.feature:118)

  When User enters card number card type as "Amex" in Gateway "Tsys"                     # stepDefinitions.ManualEntryStepDef.user_enters_card_number_card_type_as_in_gateway(java.lang.String,java.lang.String)
  And User enters ExpiryMonth "12" & ExpiryYear "2025"                                   # stepDefinitions.ManualEntryStepDef.user_enters_expiry_month_expiry_year(java.lang.String,java.lang.String)
  And User enters the Cvv for card type "Amex"                                           # stepDefinitions.ManualEntryStepDef.user_enters_the_cvv_for_card_type(java.lang.String)
  And User enters ZipCode "12345"                                                        # stepDefinitions.ManualEntryStepDef.user_enters_zip_code(java.lang.String)
  And User enters the Address, State & City                                              # stepDefinitions.ManualEntryStepDef.User_enters_the_Address_State_City()
  And User submit the Collect Card form                                                  # stepDefinitions.ManualEntryStepDef.user_submit_the_collect_card_form()
  Then User should see payment successfull message                                       # stepDefinitions.ManualEntryStepDef.user_should_see_payment_successfull_message()
  And User navigate to Transaction Search Page for ME                                    # stepDefinitions.ManualEntryStepDef.user_navigate_to_transaction_search_page_for_me()
  And User check the Speciality check box and run the report for ME                      # stepDefinitions.ManualEntryStepDef.user_check_the_speciality_check_box_and_run_the_report_for_me()
  Then User should see transaction in Transaction Report with Speciality for ManualEntry # stepDefinitions.ManualEntryStepDef.user_should_see_transaction_in_transaction_report_with_speciality_for_manual_entry()

    Embedding Validate the Speciality for Manual Entry payment in Gateway "Tsys" [image/png 81975 bytes]

]]></system-out>
    <system-err><![CDATA[Jun 26, 2023 10:11:41 PM org.openqa.selenium.manager.SeleniumManager getDriverPath
INFO: Applicable driver not found; attempting to install with Selenium Manager (Beta)
Starting ChromeDriver 114.0.5735.90 (386bc09e8f4f2e025eddae123f36f6263096ae49-refs/branch-heads/5735@{#1052}) on port 18019
Only local connections are allowed.
Please see https://chromedriver.chromium.org/security-considerations for suggestions on keeping ChromeDriver safe.
ChromeDriver was started successfully.
Jun 26, 2023 10:11:52 PM org.openqa.selenium.devtools.CdpVersionFinder findNearestMatch
WARNING: Unable to find an exact match for CDP version 114, so returning the closest version found: 113
]]></system-err>
  </testcase>
</testsuite>